0 info it worked if it ends with ok
1 verbose cli [ 'node', '/usr/local/bin/npm', 'publish', '--force' ]
2 info using npm@1.4.6
3 info using node@v0.10.24
4 warn using --force I sure hope you know what you are doing.
5 verbose publish [ '.' ]
6 verbose cache add [ '.', null ]
7 verbose cache add name=undefined spec="." args=[".",null]
8 verbose parsed url { protocol: null,
8 verbose parsed url   slashes: null,
8 verbose parsed url   auth: null,
8 verbose parsed url   host: null,
8 verbose parsed url   port: null,
8 verbose parsed url   hostname: null,
8 verbose parsed url   hash: null,
8 verbose parsed url   search: null,
8 verbose parsed url   query: null,
8 verbose parsed url   pathname: '.',
8 verbose parsed url   path: '.',
8 verbose parsed url   href: '.' }
9 silly lockFile 3a52ce78- .
10 verbose lock . /home/ryan/.npm/3a52ce78-.lock
11 verbose tar pack [ '/home/ryan/tmp/npm-9252-D01Tehnp/1402601451061-0.03643864160403609/tmp.tgz',
11 verbose tar pack   '.' ]
12 verbose tarball /home/ryan/tmp/npm-9252-D01Tehnp/1402601451061-0.03643864160403609/tmp.tgz
13 verbose folder .
14 info prepublish icarusbot-twitter@0.0.0
15 silly lockFile 1f1177db-tar tar://.
16 verbose lock tar://. /home/ryan/.npm/1f1177db-tar.lock
17 silly lockFile cab64201-1061-0-03643864160403609-tmp-tgz tar:///home/ryan/tmp/npm-9252-D01Tehnp/1402601451061-0.03643864160403609/tmp.tgz
18 verbose lock tar:///home/ryan/tmp/npm-9252-D01Tehnp/1402601451061-0.03643864160403609/tmp.tgz /home/ryan/.npm/cab64201-1061-0-03643864160403609-tmp-tgz.lock
19 silly lockFile 1f1177db-tar tar://.
20 silly lockFile 1f1177db-tar tar://.
21 silly lockFile cab64201-1061-0-03643864160403609-tmp-tgz tar:///home/ryan/tmp/npm-9252-D01Tehnp/1402601451061-0.03643864160403609/tmp.tgz
22 silly lockFile cab64201-1061-0-03643864160403609-tmp-tgz tar:///home/ryan/tmp/npm-9252-D01Tehnp/1402601451061-0.03643864160403609/tmp.tgz
23 verbose tar unpack /home/ryan/tmp/npm-9252-D01Tehnp/1402601451061-0.03643864160403609/tmp.tgz
24 silly lockFile 47fb30ea-1061-0-03643864160403609-package tar:///home/ryan/tmp/npm-9252-D01Tehnp/1402601451061-0.03643864160403609/package
25 verbose lock tar:///home/ryan/tmp/npm-9252-D01Tehnp/1402601451061-0.03643864160403609/package /home/ryan/.npm/47fb30ea-1061-0-03643864160403609-package.lock
26 silly lockFile cab64201-1061-0-03643864160403609-tmp-tgz tar:///home/ryan/tmp/npm-9252-D01Tehnp/1402601451061-0.03643864160403609/tmp.tgz
27 verbose lock tar:///home/ryan/tmp/npm-9252-D01Tehnp/1402601451061-0.03643864160403609/tmp.tgz /home/ryan/.npm/cab64201-1061-0-03643864160403609-tmp-tgz.lock
28 silly gunzTarPerm modes [ '755', '644' ]
29 silly gunzTarPerm extractEntry package.json
30 silly gunzTarPerm extractEntry .npmignore
31 silly gunzTarPerm extractEntry README.md
32 silly gunzTarPerm extractEntry index.js
33 silly lockFile 47fb30ea-1061-0-03643864160403609-package tar:///home/ryan/tmp/npm-9252-D01Tehnp/1402601451061-0.03643864160403609/package
34 silly lockFile 47fb30ea-1061-0-03643864160403609-package tar:///home/ryan/tmp/npm-9252-D01Tehnp/1402601451061-0.03643864160403609/package
35 silly lockFile cab64201-1061-0-03643864160403609-tmp-tgz tar:///home/ryan/tmp/npm-9252-D01Tehnp/1402601451061-0.03643864160403609/tmp.tgz
36 silly lockFile cab64201-1061-0-03643864160403609-tmp-tgz tar:///home/ryan/tmp/npm-9252-D01Tehnp/1402601451061-0.03643864160403609/tmp.tgz
37 verbose tar pack [ '/home/ryan/.npm/icarusbot-twitter/0.0.0/package.tgz',
37 verbose tar pack   '/home/ryan/tmp/npm-9252-D01Tehnp/1402601451061-0.03643864160403609/package' ]
38 verbose tarball /home/ryan/.npm/icarusbot-twitter/0.0.0/package.tgz
39 verbose folder /home/ryan/tmp/npm-9252-D01Tehnp/1402601451061-0.03643864160403609/package
40 silly lockFile 47fb30ea-1061-0-03643864160403609-package tar:///home/ryan/tmp/npm-9252-D01Tehnp/1402601451061-0.03643864160403609/package
41 verbose lock tar:///home/ryan/tmp/npm-9252-D01Tehnp/1402601451061-0.03643864160403609/package /home/ryan/.npm/47fb30ea-1061-0-03643864160403609-package.lock
42 silly lockFile 8a661a65-rusbot-twitter-0-0-0-package-tgz tar:///home/ryan/.npm/icarusbot-twitter/0.0.0/package.tgz
43 verbose lock tar:///home/ryan/.npm/icarusbot-twitter/0.0.0/package.tgz /home/ryan/.npm/8a661a65-rusbot-twitter-0-0-0-package-tgz.lock
44 silly lockFile 47fb30ea-1061-0-03643864160403609-package tar:///home/ryan/tmp/npm-9252-D01Tehnp/1402601451061-0.03643864160403609/package
45 silly lockFile 47fb30ea-1061-0-03643864160403609-package tar:///home/ryan/tmp/npm-9252-D01Tehnp/1402601451061-0.03643864160403609/package
46 silly lockFile 8a661a65-rusbot-twitter-0-0-0-package-tgz tar:///home/ryan/.npm/icarusbot-twitter/0.0.0/package.tgz
47 silly lockFile 8a661a65-rusbot-twitter-0-0-0-package-tgz tar:///home/ryan/.npm/icarusbot-twitter/0.0.0/package.tgz
48 silly lockFile cc4e74a1--icarusbot-twitter-0-0-0-package /home/ryan/.npm/icarusbot-twitter/0.0.0/package
49 verbose lock /home/ryan/.npm/icarusbot-twitter/0.0.0/package /home/ryan/.npm/cc4e74a1--icarusbot-twitter-0-0-0-package.lock
50 silly lockFile cc4e74a1--icarusbot-twitter-0-0-0-package /home/ryan/.npm/icarusbot-twitter/0.0.0/package
51 silly lockFile cc4e74a1--icarusbot-twitter-0-0-0-package /home/ryan/.npm/icarusbot-twitter/0.0.0/package
52 verbose tar unpack /home/ryan/.npm/icarusbot-twitter/0.0.0/package.tgz
53 silly lockFile 96b74cbf--icarusbot-twitter-0-0-0-package tar:///home/ryan/.npm/icarusbot-twitter/0.0.0/package
54 verbose lock tar:///home/ryan/.npm/icarusbot-twitter/0.0.0/package /home/ryan/.npm/96b74cbf--icarusbot-twitter-0-0-0-package.lock
55 silly lockFile 8a661a65-rusbot-twitter-0-0-0-package-tgz tar:///home/ryan/.npm/icarusbot-twitter/0.0.0/package.tgz
56 verbose lock tar:///home/ryan/.npm/icarusbot-twitter/0.0.0/package.tgz /home/ryan/.npm/8a661a65-rusbot-twitter-0-0-0-package-tgz.lock
57 silly gunzTarPerm modes [ '755', '644' ]
58 silly gunzTarPerm extractEntry package.json
59 silly gunzTarPerm extractEntry .npmignore
60 silly gunzTarPerm extractEntry README.md
61 silly gunzTarPerm extractEntry index.js
62 silly lockFile 96b74cbf--icarusbot-twitter-0-0-0-package tar:///home/ryan/.npm/icarusbot-twitter/0.0.0/package
63 silly lockFile 96b74cbf--icarusbot-twitter-0-0-0-package tar:///home/ryan/.npm/icarusbot-twitter/0.0.0/package
64 silly lockFile 8a661a65-rusbot-twitter-0-0-0-package-tgz tar:///home/ryan/.npm/icarusbot-twitter/0.0.0/package.tgz
65 silly lockFile 8a661a65-rusbot-twitter-0-0-0-package-tgz tar:///home/ryan/.npm/icarusbot-twitter/0.0.0/package.tgz
66 verbose chmod /home/ryan/.npm/icarusbot-twitter/0.0.0/package.tgz 644
67 verbose chown /home/ryan/.npm/icarusbot-twitter/0.0.0/package.tgz [ 1000, 1000 ]
68 silly lockFile 3a52ce78- .
69 silly lockFile 3a52ce78- .
70 silly publish { name: 'icarusbot-twitter',
70 silly publish   version: '0.0.0',
70 silly publish   description: 'Twitter plugin for icarus-bot',
70 silly publish   author: { name: 'Ryan Kois' },
70 silly publish   main: 'index.js',
70 silly publish   scripts: { test: 'echo "Error: no test specified" && exit 1' },
70 silly publish   repository:
70 silly publish    { type: 'git',
70 silly publish      url: 'https://github.com/kid-icarus/icarusbot-twitter.git' },
70 silly publish   bugs: { url: 'https://github.com/kid-icarus/icarusbot-twitter/issues' },
70 silly publish   homepage: 'https://github.com/kid-icarus/icarusbot-twitter',
70 silly publish   license: 'ISC',
70 silly publish   dependencies: { 'node-twitter-api': '^1.2.3' },
70 silly publish   readme: '#IcarusBot Twitter Plugin\n\nAdds a handler for a `!tw` message that posts a user\'s most current tweet, with\nan option to specify the users Xth previous tweet.\n\nAvailable commands:\n - `!tw example-user` - Pull in the latest tweet from user `example-user`\n - `!tw example-user 5` - Pull in the 5th latest tweet from the user\n\n##Usage\n - Create an \'app\' at dev.twitter.com, and generate api keys and an\n   access token.\n - In your bot, require the plugin, passing the bot, followed by an options\n   object.\n\n###Example:\n```\nvar bot = require(\'icarusbot\')\nvar twetter = require(\'icarusbot-twitter\')(bot, {\n  apiKey: \'your really long api key\',\n  apiSecret: \'your really long api secret\',\n  accessToken: \'your really long access token\',\n  accessSecret: \'your really long access secret\',\n})\n```\n',
70 silly publish   readmeFilename: 'README.md',
70 silly publish   _id: 'icarusbot-twitter@0.0.0',
70 silly publish   dist: { shasum: '4bf3906fb505faabaf5868cf591c914f080dc56e' },
70 silly publish   _from: '.' }
71 verbose url raw icarusbot-twitter
72 verbose url resolving [ 'https://registry.npmjs.org/', './icarusbot-twitter' ]
73 verbose url resolved https://registry.npmjs.org/icarusbot-twitter
74 info trying registry request attempt 1 at 12:30:51
75 http PUT https://registry.npmjs.org/icarusbot-twitter
76 http 403 https://registry.npmjs.org/icarusbot-twitter
77 error publish Failed PUT 403
78 error Error: forbidden cannot modify pre-existing version: 0.0.0
78 error old={"name":"icarusbot-twitter","version":"0.0.0","description":"Twitter plugin for icarus-bot","author":{"name":"Ryan Kois"},"main":"index.js","scripts":{"test":"echo \"Error: no test specified\" && exit 1"},"repository":{"type":"git","url":"https://github.com/kid-icarus/icarusbot-reddit.git"},"bugs":{"url":"https://github.com/kid-icarus/icarusbot-reddit/issues"},"homepage":"https://github.com/kid-icarus/icarusbot-reddit","license":"ISC","dependencies":{"node-twitter-api":"^1.2.3"},"_id":"icarusbot-twitter@0.0.0","dist":{"shasum":"9dd53d571e2805fef3300318c8e2e6f4bf165522","tarball":"http://registry.npmjs.org/icarusbot-twitter/-/icarusbot-twitter-0.0.0.tgz"},"_from":".","_npmVersion":"1.4.6","_npmUser":{"name":"kid-icarus","email":"ryan.kois@gmail.com"},"maintainers":[{"name":"kid-icarus","email":"ryan.kois@gmail.com"}]}
78 error new={"name":"icarusbot-twitter","version":"0.0.0","description":"Twitter plugin for icarus-bot","author":{"name":"Ryan Kois"},"main":"index.js","scripts":{"test":"echo \"Error: no test specified\" && exit 1"},"repository":{"type":"git","url":"https://github.com/kid-icarus/icarusbot-twitter.git"},"bugs":{"url":"https://github.com/kid-icarus/icarusbot-twitter/issues"},"homepage":"https://github.com/kid-icarus/icarusbot-twitter","license":"ISC","dependencies":{"node-twitter-api":"^1.2.3"},"readme":"#IcarusBot Twitter Plugin\u000a\u000aAdds a handler for a `!tw` message that posts a user's most current tweet, with\u000aan option to specify the users Xth previous tweet.\u000a\u000aAvailable commands:\u000a - `!tw example-user` - Pull in the latest tweet from user `example-user`\u000a - `!tw example-user 5` - Pull in the 5th latest tweet from the user\u000a\u000a##Usage\u000a - Create an 'app' at dev.twitter.com, and generate api keys and an\u000a   access token.\u000a - In your bot, require the plugin, passing the bot, followed by an options\u000a   object.\u000a\u000a###Example:\u000a```\u000avar bot = require('icarusbot')\u000avar twetter = require('icarusbot-twitter')(bot, {\u000a  apiKey: 'your really long api key',\u000a  apiSecret: 'your really long api secret',\u000a  accessToken: 'your really long access token',\u000a  accessSecret: 'your really long access secret',\u000a})\u000a```\u000a","readmeFilename":"README.md","_id":"icarusbot-twitter@0.0.0","dist":{"shasum":"4bf3906fb505faabaf5868cf591c914f080dc56e","tarball":"http://registry.npmjs.org/icarusbot-twitter/-/icarusbot-twitter-0.0.0.tgz"},"_from":".","_npmVersion":"1.4.6","_npmUser":{"name":"kid-icarus","email":"ryan.kois@gmail.com"},"maintainers":[{"name":"kid-icarus","email":"ryan.kois@gmail.com"}]}: icarusbot-twitter
78 error     at RegClient.<anonymous> (/usr/local/lib/node_modules/npm/node_modules/npm-registry-client/lib/request.js:254:14)
78 error     at Request._callback (/usr/local/lib/node_modules/npm/node_modules/npm-registry-client/lib/request.js:192:65)
78 error     at Request.self.callback (/usr/local/lib/node_modules/npm/node_modules/request/request.js:123:22)
78 error     at Request.EventEmitter.emit (events.js:98:17)
78 error     at Request.<anonymous> (/usr/local/lib/node_modules/npm/node_modules/request/request.js:893:14)
78 error     at Request.EventEmitter.emit (events.js:117:20)
78 error     at IncomingMessage.<anonymous> (/usr/local/lib/node_modules/npm/node_modules/request/request.js:844:12)
78 error     at IncomingMessage.EventEmitter.emit (events.js:117:20)
78 error     at _stream_readable.js:920:16
78 error     at process._tickCallback (node.js:415:13)
79 error If you need help, you may report this *entire* log,
79 error including the npm and node versions, at:
79 error     <http://github.com/npm/npm/issues>
80 error System Linux 3.11.0-23-generic
81 error command "node" "/usr/local/bin/npm" "publish" "--force"
82 error cwd /home/ryan/Project/icarusbot-twitter
83 error node -v v0.10.24
84 error npm -v 1.4.6
85 verbose exit [ 1, true ]
